facilicom/build/outputs/logs/manifest-merger-debug-report.txt
-- Merging decision tree log ---
manifest
ADDED from src/main/AndroidManifest.xml:6:40-246:11
	package
		ADDED from src/main/AndroidManifest.xml:6:51-83
	android:versionName
		ADDED from src/main/AndroidManifest.xml:6:172-201
		INJECTED from src/main/AndroidManifest.xml
		INJECTED from src/main/AndroidManifest.xml
	android:versionCode
		ADDED from src/main/AndroidManifest.xml:6:145-170
		INJECTED from src/main/AndroidManifest.xml
		INJECTED from src/main/AndroidManifest.xml
	xmlns:android
		ADDED from src/main/AndroidManifest.xml:6:85-143
uses-permission#android.permission.INTERNET
ADDED from src/main/AndroidManifest.xml:8:205-61
	android:name
		ADDED from src/main/AndroidManifest.xml:8:222-264
uses-permission#android.permission.ACCESS_NETWORK_STATE
ADDED from src/main/AndroidManifest.xml:9:268-74
	android:name
		ADDED from src/main/AndroidManifest.xml:9:285-339
uses-permission#android.permission.ACCESS_COARSE_LOCATION
ADDED from src/main/AndroidManifest.xml:10:343-76
	android:name
		ADDED from src/main/AndroidManifest.xml:10:360-416
uses-permission#android.permission.ACCESS_FINE_LOCATION
ADDED from src/main/AndroidManifest.xml:11:420-74
	android:name
		ADDED from src/main/AndroidManifest.xml:11:437-491
uses-permission#android.permission.ACCESS_LOCATION_EXTRA_COMMANDS
ADDED from src/main/AndroidManifest.xml:12:495-84
	android:name
		ADDED from src/main/AndroidManifest.xml:12:512-576
uses-permission#android.permission.READ_EXTERNAL_STORAGE
ADDED from src/main/AndroidManifest.xml:13:580-75
	android:name
		ADDED from src/main/AndroidManifest.xml:13:597-652
uses-permission#android.permission.WRITE_EXTERNAL_STORAGE
ADDED from src/main/AndroidManifest.xml:14:656-76
	android:name
		ADDED from src/main/AndroidManifest.xml:14:673-729
uses-permission#android.permission.CAMERA
ADDED from src/main/AndroidManifest.xml:15:733-60
	android:name
		ADDED from src/main/AndroidManifest.xml:15:750-790
uses-permission#android.permission.READ_PHONE_STATE
ADDED from src/main/AndroidManifest.xml:16:794-70
	android:name
		ADDED from src/main/AndroidManifest.xml:16:811-861
uses-permission#android.permission.GET_TASKS
ADDED from src/main/AndroidManifest.xml:17:865-63
	android:name
		ADDED from src/main/AndroidManifest.xml:17:882-925
uses-feature#android.hardware.camera
ADDED from src/main/AndroidManifest.xml:21:930-28
	android:required
		ADDED from src/main/AndroidManifest.xml:21:987-1010
	android:name
		ADDED from src/main/AndroidManifest.xml:21:946-984
application
ADDED from src/main/AndroidManifest.xml:29:1015-245:14
MERGED from [com.android.support:design:25.3.1] AndroidManifest.xml:29:5-20
MERGED from [com.android.support:appcompat-v7:25.3.1] AndroidManifest.xml:29:5-20
MERGED from [com.android.support:animated-vector-drawable:25.3.1] AndroidManifest.xml:26:5-20
MERGED from [com.android.support:support-vector-drawable:25.3.1] AndroidManifest.xml:26:5-20
MERGED from [com.android.support:transition:25.3.1] AndroidManifest.xml:26:5-20
MERGED from [it.sephiroth.android.library.horizontallistview:hlistview:1.3.1] AndroidManifest.xml:11:5-20
MERGED from [ch.acra:acra:4.9.2] AndroidManifest.xml:39:5-43:19
MERGED from [com.android.support:support-v4:25.3.1] AndroidManifest.xml:29:5-20
MERGED from [com.android.support:support-fragment:25.3.1] AndroidManifest.xml:29:5-20
MERGED from [com.android.support:support-media-compat:25.3.1] AndroidManifest.xml:29:5-20
MERGED from [com.android.support:support-core-ui:25.3.1] AndroidManifest.xml:29:5-20
MERGED from [com.android.support:support-core-utils:25.3.1] AndroidManifest.xml:29:5-20
MERGED from [com.android.support:support-compat:25.3.1] AndroidManifest.xml:29:5-20
	android:label
		ADDED from src/main/AndroidManifest.xml:29:1138-1170
	android:allowBackup
		ADDED from src/main/AndroidManifest.xml:29:1069-1096
	android:icon
		ADDED from src/main/AndroidManifest.xml:29:1099-1135
	android:largeHeap
		ADDED from src/main/AndroidManifest.xml:29:1173-1197
	android:theme
		ADDED from src/main/AndroidManifest.xml:29:1200-1232
	android:name
		ADDED from src/main/AndroidManifest.xml:29:1030-1066
provider#android.support.v4.content.FileProvider
ADDED from src/main/AndroidManifest.xml:35:1237-39:13
	android:authorities
		ADDED from src/main/AndroidManifest.xml:35:1308-1365
	android:grantUriPermissions
		ADDED from src/main/AndroidManifest.xml:35:1397-1431
	android:exported
		ADDED from src/main/AndroidManifest.xml:35:1369-1393
	android:name
		ADDED from src/main/AndroidManifest.xml:35:1250-1304
meta-data#android.support.FILE_PROVIDER_PATHS
ADDED from src/main/AndroidManifest.xml:38:1436-36
	android:resource
		ADDED from src/main/AndroidManifest.xml:38:1506-1535
	android:name
		ADDED from src/main/AndroidManifest.xml:38:1451-1501
activity#ru.facilicom24.manager.activities.SplashActivity
ADDED from src/main/AndroidManifest.xml:43:1555-49:13
	android:screenOrientation
		ADDED from src/main/AndroidManifest.xml:43:1613-1649
	android:name
		ADDED from src/main/AndroidManifest.xml:43:1568-1609
intent-filter#android.intent.action.MAIN+android.intent.category.LAUNCHER
ADDED from src/main/AndroidManifest.xml:44:1654-48:19
action#android.intent.action.MAIN
ADDED from src/main/AndroidManifest.xml:45:1674-55
	android:name
		ADDED from src/main/AndroidManifest.xml:45:1682-1723
category#android.intent.category.LAUNCHER
ADDED from src/main/AndroidManifest.xml:47:1731-62
	android:name
		ADDED from src/main/AndroidManifest.xml:47:1741-1788
activity#ru.facilicom24.manager.activities.CheckActTypeActivity
ADDED from src/main/AndroidManifest.xml:52:1827-42
	android:screenOrientation
		ADDED from src/main/AndroidManifest.xml:52:1891-1927
	android:name
		ADDED from src/main/AndroidManifest.xml:52:1840-1887
activity#ru.facilicom24.manager.activities.CheckActReasonActivity
ADDED from src/main/AndroidManifest.xml:55:1932-42
	android:screenOrientation
		ADDED from src/main/AndroidManifest.xml:55:1998-2034
	android:name
		ADDED from src/main/AndroidManifest.xml:55:1945-1994
activity#ru.facilicom24.manager.activities.CheckActServiceTypeActivity
ADDED from src/main/AndroidManifest.xml:58:2039-42
	android:screenOrientation
		ADDED from src/main/AndroidManifest.xml:58:2110-2146
	android:name
		ADDED from src/main/AndroidManifest.xml:58:2052-2106
activity#ru.facilicom24.manager.activities.CheckActContactActivity
ADDED from src/main/AndroidManifest.xml:61:2151-42
	android:screenOrientation
		ADDED from src/main/AndroidManifest.xml:61:2218-2254
	android:name
		ADDED from src/main/AndroidManifest.xml:61:2164-2214
activity#ru.facilicom24.manager.activities.CheckActAccountActivity
ADDED from src/main/AndroidManifest.xml:65:2259-47
	android:screenOrientation
		ADDED from src/main/AndroidManifest.xml:65:2326-2362
	android:windowSoftInputMode
		ADDED from src/main/AndroidManifest.xml:65:2366-2407
	android:name
		ADDED from src/main/AndroidManifest.xml:65:2272-2322
activity#ru.facilicom24.manager.activities.CheckClientActivity
ADDED from src/main/AndroidManifest.xml:69:2412-47
	android:screenOrientation
		ADDED from src/main/AndroidManifest.xml:69:2475-2511
	android:windowSoftInputMode
		ADDED from src/main/AndroidManifest.xml:69:2515-2556
	android:name
		ADDED from src/main/AndroidManifest.xml:69:2425-2471
activity#ru.facilicom24.manager.activities.TextActivity
ADDED from src/main/AndroidManifest.xml:73:2561-47
	android:screenOrientation
		ADDED from src/main/AndroidManifest.xml:73:2617-2653
	android:windowSoftInputMode
		ADDED from src/main/AndroidManifest.xml:73:2657-2698
	android:name
		ADDED from src/main/AndroidManifest.xml:73:2574-2613
activity#ru.facilicom24.manager.activities.LoginActivity
ADDED from src/main/AndroidManifest.xml:76:2703-42
	android:screenOrientation
		ADDED from src/main/AndroidManifest.xml:76:2760-2796
	android:name
		ADDED from src/main/AndroidManifest.xml:76:2716-2756
activity#ru.facilicom24.manager.activities.ConfirmationActivity
ADDED from src/main/AndroidManifest.xml:79:2801-42
	android:screenOrientation
		ADDED from src/main/AndroidManifest.xml:79:2865-2901
	android:name
		ADDED from src/main/AndroidManifest.xml:79:2814-2861
activity#ru.facilicom24.manager.activities.InteractionsActivity
ADDED from src/main/AndroidManifest.xml:82:2906-42
	android:screenOrientation
		ADDED from src/main/AndroidManifest.xml:82:2970-3006
	android:name
		ADDED from src/main/AndroidManifest.xml:82:2919-2966
activity#ru.facilicom24.manager.activities.MainActivity
ADDED from src/main/AndroidManifest.xml:85:3011-42
	android:screenOrientation
		ADDED from src/main/AndroidManifest.xml:85:3067-3103
	android:name
		ADDED from src/main/AndroidManifest.xml:85:3024-3063
activity#ru.facilicom24.manager.activities.QualityCheckActivity
ADDED from src/main/AndroidManifest.xml:88:3108-42
	android:screenOrientation
		ADDED from src/main/AndroidManifest.xml:88:3172-3208
	android:name
		ADDED from src/main/AndroidManifest.xml:88:3121-3168
activity#ru.facilicom24.manager.activities.PhotoAlbumActivity
ADDED from src/main/AndroidManifest.xml:91:3213-42
	android:screenOrientation
		ADDED from src/main/AndroidManifest.xml:91:3275-3311
	android:name
		ADDED from src/main/AndroidManifest.xml:91:3226-3271
activity#ru.facilicom24.manager.activities.CommentsActivity
ADDED from src/main/AndroidManifest.xml:94:3316-42
	android:screenOrientation
		ADDED from src/main/AndroidManifest.xml:94:3376-3412
	android:name
		ADDED from src/main/AndroidManifest.xml:94:3329-3372
activity#ru.facilicom24.manager.activities.PhotoActivity
ADDED from src/main/AndroidManifest.xml:97:3417-42
	android:screenOrientation
		ADDED from src/main/AndroidManifest.xml:97:3474-3510
	android:name
		ADDED from src/main/AndroidManifest.xml:97:3430-3470
activity#ru.facilicom24.manager.activities.ElementActivity
ADDED from src/main/AndroidManifest.xml:100:3515-42
	android:screenOrientation
		ADDED from src/main/AndroidManifest.xml:100:3574-3610
	android:name
		ADDED from src/main/AndroidManifest.xml:100:3528-3570
activity#ru.facilicom24.manager.activities.MapActivity
ADDED from src/main/AndroidManifest.xml:103:3615-42
	android:screenOrientation
		ADDED from src/main/AndroidManifest.xml:103:3670-3706
	android:name
		ADDED from src/main/AndroidManifest.xml:103:3628-3666
activity#ru.facilicom24.manager.activities.HRMenuActivity
ADDED from src/main/AndroidManifest.xml:106:3711-42
	android:screenOrientation
		ADDED from src/main/AndroidManifest.xml:106:3769-3805
	android:name
		ADDED from src/main/AndroidManifest.xml:106:3724-3765
activity#ru.facilicom24.manager.activities.MobileActivity
ADDED from src/main/AndroidManifest.xml:109:3810-42
	android:screenOrientation
		ADDED from src/main/AndroidManifest.xml:109:3868-3904
	android:name
		ADDED from src/main/AndroidManifest.xml:109:3823-3864
activity#ru.facilicom24.manager.activities.NomenclatureGroupActivity
ADDED from src/main/AndroidManifest.xml:113:3909-47
	android:screenOrientation
		ADDED from src/main/AndroidManifest.xml:113:3978-4014
	android:windowSoftInputMode
		ADDED from src/main/AndroidManifest.xml:113:4018-4059
	android:name
		ADDED from src/main/AndroidManifest.xml:113:3922-3974
activity#ru.facilicom24.manager.activities.SexActivity
ADDED from src/main/AndroidManifest.xml:116:4064-42
	android:screenOrientation
		ADDED from src/main/AndroidManifest.xml:116:4119-4155
	android:name
		ADDED from src/main/AndroidManifest.xml:116:4077-4115
activity#ru.facilicom24.manager.activities.ScheduleActivity
ADDED from src/main/AndroidManifest.xml:119:4160-42
	android:screenOrientation
		ADDED from src/main/AndroidManifest.xml:119:4220-4256
	android:name
		ADDED from src/main/AndroidManifest.xml:119:4173-4216
activity#ru.facilicom24.manager.activities.CheckNoteActivity
ADDED from src/main/AndroidManifest.xml:123:4261-48
	android:screenOrientation
		ADDED from src/main/AndroidManifest.xml:123:4322-4358
	android:windowSoftInputMode
		ADDED from src/main/AndroidManifest.xml:123:4362-4404
	android:name
		ADDED from src/main/AndroidManifest.xml:123:4274-4318
activity#ru.facilicom24.manager.activities.TaskActivity
ADDED from src/main/AndroidManifest.xml:126:4409-42
	android:screenOrientation
		ADDED from src/main/AndroidManifest.xml:126:4465-4501
	android:name
		ADDED from src/main/AndroidManifest.xml:126:4422-4461
activity#ru.facilicom24.manager.activities.VidTaskActivity
ADDED from src/main/AndroidManifest.xml:129:4506-42
	android:screenOrientation
		ADDED from src/main/AndroidManifest.xml:129:4565-4601
	android:name
		ADDED from src/main/AndroidManifest.xml:129:4519-4561
activity#ru.facilicom24.manager.activities.TaskTypeActivity
ADDED from src/main/AndroidManifest.xml:132:4606-42
	android:screenOrientation
		ADDED from src/main/AndroidManifest.xml:132:4666-4702
	android:name
		ADDED from src/main/AndroidManifest.xml:132:4619-4662
activity#ru.facilicom24.manager.activities.EmployeeActivity
ADDED from src/main/AndroidManifest.xml:135:4707-42
	android:screenOrientation
		ADDED from src/main/AndroidManifest.xml:135:4767-4803
	android:name
		ADDED from src/main/AndroidManifest.xml:135:4720-4763
activity#ru.facilicom24.manager.activities.MapAccountActivity
ADDED from src/main/AndroidManifest.xml:139:4808-47
	android:screenOrientation
		ADDED from src/main/AndroidManifest.xml:139:4870-4906
	android:windowSoftInputMode
		ADDED from src/main/AndroidManifest.xml:139:4910-4951
	android:name
		ADDED from src/main/AndroidManifest.xml:139:4821-4866
activity#ru.facilicom24.manager.activities.MobileEmployeeActivity
ADDED from src/main/AndroidManifest.xml:142:4956-42
	android:screenOrientation
		ADDED from src/main/AndroidManifest.xml:142:5022-5058
	android:name
		ADDED from src/main/AndroidManifest.xml:142:4969-5018
activity#ru.facilicom24.manager.activities.MobilePartTimeActivity
ADDED from src/main/AndroidManifest.xml:145:5063-42
	android:screenOrientation
		ADDED from src/main/AndroidManifest.xml:145:5129-5165
	android:name
		ADDED from src/main/AndroidManifest.xml:145:5076-5125
activity#ru.facilicom24.manager.activities.PersonActivity
ADDED from src/main/AndroidManifest.xml:149:5170-45
	android:screenOrientation
		ADDED from src/main/AndroidManifest.xml:149:5228-5264
	android:windowSoftInputMode
		ADDED from src/main/AndroidManifest.xml:149:5268-5307
	android:name
		ADDED from src/main/AndroidManifest.xml:149:5183-5224
activity#ru.facilicom24.manager.activities.CountryActivity
ADDED from src/main/AndroidManifest.xml:152:5312-42
	android:screenOrientation
		ADDED from src/main/AndroidManifest.xml:152:5371-5407
	android:name
		ADDED from src/main/AndroidManifest.xml:152:5325-5367
activity#ru.facilicom24.manager.activities.SubdivisionActivity
ADDED from src/main/AndroidManifest.xml:156:5412-47
	android:screenOrientation
		ADDED from src/main/AndroidManifest.xml:156:5475-5511
	android:windowSoftInputMode
		ADDED from src/main/AndroidManifest.xml:156:5515-5556
	android:name
		ADDED from src/main/AndroidManifest.xml:156:5425-5471
activity#ru.facilicom24.manager.activities.JobTitleActivity
ADDED from src/main/AndroidManifest.xml:159:5561-42
	android:screenOrientation
		ADDED from src/main/AndroidManifest.xml:159:5621-5657
	android:name
		ADDED from src/main/AndroidManifest.xml:159:5574-5617
activity#ru.facilicom24.manager.activities.BankActivity
ADDED from src/main/AndroidManifest.xml:162:5662-42
	android:screenOrientation
		ADDED from src/main/AndroidManifest.xml:162:5718-5754
	android:name
		ADDED from src/main/AndroidManifest.xml:162:5675-5714
activity#ru.facilicom24.manager.activities.PersonAlbumActivity
ADDED from src/main/AndroidManifest.xml:165:5759-42
	android:screenOrientation
		ADDED from src/main/AndroidManifest.xml:165:5822-5858
	android:name
		ADDED from src/main/AndroidManifest.xml:165:5772-5818
activity#ru.facilicom24.manager.activities.PhoneActivity
ADDED from src/main/AndroidManifest.xml:168:5863-42
	android:screenOrientation
		ADDED from src/main/AndroidManifest.xml:168:5920-5956
	android:name
		ADDED from src/main/AndroidManifest.xml:168:5876-5916
activity#ru.facilicom24.manager.activities.AccessActivity
ADDED from src/main/AndroidManifest.xml:171:5961-42
	android:screenOrientation
		ADDED from src/main/AndroidManifest.xml:171:6019-6055
	android:name
		ADDED from src/main/AndroidManifest.xml:171:5974-6015
activity#ru.facilicom24.manager.activities.PersonGetActivity
ADDED from src/main/AndroidManifest.xml:174:6060-42
	android:screenOrientation
		ADDED from src/main/AndroidManifest.xml:174:6121-6157
	android:name
		ADDED from src/main/AndroidManifest.xml:174:6073-6117
activity#ru.facilicom24.manager.activities.DismissActivity
ADDED from src/main/AndroidManifest.xml:177:6162-42
	android:screenOrientation
		ADDED from src/main/AndroidManifest.xml:177:6221-6257
	android:name
		ADDED from src/main/AndroidManifest.xml:177:6175-6217
activity#ru.facilicom24.manager.activities.DismissReasonActivity
ADDED from src/main/AndroidManifest.xml:180:6262-42
	android:screenOrientation
		ADDED from src/main/AndroidManifest.xml:180:6327-6363
	android:name
		ADDED from src/main/AndroidManifest.xml:180:6275-6323
activity#ru.facilicom24.manager.activities.TaskMainActivity
ADDED from src/main/AndroidManifest.xml:183:6368-42
	android:screenOrientation
		ADDED from src/main/AndroidManifest.xml:183:6428-6464
	android:name
		ADDED from src/main/AndroidManifest.xml:183:6381-6424
activity#ru.facilicom24.manager.activities.TaskMenuActivity
ADDED from src/main/AndroidManifest.xml:186:6469-42
	android:screenOrientation
		ADDED from src/main/AndroidManifest.xml:186:6529-6565
	android:name
		ADDED from src/main/AndroidManifest.xml:186:6482-6525
activity#ru.facilicom24.manager.activities.TaskListActivity
ADDED from src/main/AndroidManifest.xml:189:6570-42
	android:screenOrientation
		ADDED from src/main/AndroidManifest.xml:189:6630-6666
	android:name
		ADDED from src/main/AndroidManifest.xml:189:6583-6626
activity#ru.facilicom24.manager.activities.TaskDoActivity
ADDED from src/main/AndroidManifest.xml:192:6671-42
	android:screenOrientation
		ADDED from src/main/AndroidManifest.xml:192:6729-6765
	android:name
		ADDED from src/main/AndroidManifest.xml:192:6684-6725
activity#ru.facilicom24.manager.activities.RequestMenuActivity
ADDED from src/main/AndroidManifest.xml:195:6770-42
	android:screenOrientation
		ADDED from src/main/AndroidManifest.xml:195:6833-6869
	android:name
		ADDED from src/main/AndroidManifest.xml:195:6783-6829
activity#ru.facilicom24.manager.activities.RequestNewActivity
ADDED from src/main/AndroidManifest.xml:198:6874-42
	android:screenOrientation
		ADDED from src/main/AndroidManifest.xml:198:6936-6972
	android:name
		ADDED from src/main/AndroidManifest.xml:198:6887-6932
activity#ru.facilicom24.manager.activities.RequestControlMenuActivity
ADDED from src/main/AndroidManifest.xml:201:6977-42
	android:screenOrientation
		ADDED from src/main/AndroidManifest.xml:201:7047-7083
	android:name
		ADDED from src/main/AndroidManifest.xml:201:6990-7043
activity#ru.facilicom24.manager.activities.RequestListActivity
ADDED from src/main/AndroidManifest.xml:205:7088-47
	android:screenOrientation
		ADDED from src/main/AndroidManifest.xml:205:7151-7187
	android:windowSoftInputMode
		ADDED from src/main/AndroidManifest.xml:205:7191-7232
	android:name
		ADDED from src/main/AndroidManifest.xml:205:7101-7147
activity#ru.facilicom24.manager.activities.RequestEditActivity
ADDED from src/main/AndroidManifest.xml:208:7237-42
	android:screenOrientation
		ADDED from src/main/AndroidManifest.xml:208:7300-7336
	android:name
		ADDED from src/main/AndroidManifest.xml:208:7250-7296
activity#ru.facilicom24.manager.activities.RequestHistoryActivity
ADDED from src/main/AndroidManifest.xml:211:7341-42
	android:screenOrientation
		ADDED from src/main/AndroidManifest.xml:211:7407-7443
	android:name
		ADDED from src/main/AndroidManifest.xml:211:7354-7403
activity#ru.facilicom24.manager.activities.CalendarActivity
ADDED from src/main/AndroidManifest.xml:214:7448-42
	android:screenOrientation
		ADDED from src/main/AndroidManifest.xml:214:7508-7544
	android:name
		ADDED from src/main/AndroidManifest.xml:214:7461-7504
activity#ru.facilicom24.manager.activities.CalendarListActivity
ADDED from src/main/AndroidManifest.xml:217:7549-42
	android:screenOrientation
		ADDED from src/main/AndroidManifest.xml:217:7613-7649
	android:name
		ADDED from src/main/AndroidManifest.xml:217:7562-7609
activity#ru.facilicom24.manager.activities.CalendarEditActivity
ADDED from src/main/AndroidManifest.xml:220:7654-42
	android:screenOrientation
		ADDED from src/main/AndroidManifest.xml:220:7718-7754
	android:name
		ADDED from src/main/AndroidManifest.xml:220:7667-7714
activity#ru.facilicom24.manager.activities.PotSellActivity
ADDED from src/main/AndroidManifest.xml:223:7759-42
	android:screenOrientation
		ADDED from src/main/AndroidManifest.xml:223:7818-7854
	android:name
		ADDED from src/main/AndroidManifest.xml:223:7772-7814
activity#ru.facilicom24.manager.activities.DictionaryActivity
ADDED from src/main/AndroidManifest.xml:227:7859-47
	android:screenOrientation
		ADDED from src/main/AndroidManifest.xml:227:7921-7957
	android:windowSoftInputMode
		ADDED from src/main/AndroidManifest.xml:227:7961-8002
	android:name
		ADDED from src/main/AndroidManifest.xml:227:7872-7917
activity#ru.facilicom24.manager.activities.ServiceRequestActivity
ADDED from src/main/AndroidManifest.xml:230:8007-42
	android:screenOrientation
		ADDED from src/main/AndroidManifest.xml:230:8073-8109
	android:name
		ADDED from src/main/AndroidManifest.xml:230:8020-8069
activity#ru.facilicom24.manager.activities.PasswordChangeActivity
ADDED from src/main/AndroidManifest.xml:234:8114-47
	android:screenOrientation
		ADDED from src/main/AndroidManifest.xml:234:8180-8216
	android:windowSoftInputMode
		ADDED from src/main/AndroidManifest.xml:234:8220-8261
	android:name
		ADDED from src/main/AndroidManifest.xml:234:8127-8176
service#ru.facilicom24.manager.services.ImageUploadService
ADDED from src/main/AndroidManifest.xml:236:8267-55
	android:name
		ADDED from src/main/AndroidManifest.xml:236:8276-8319
activity#org.acra.dialog.CrashReportDialog
ADDED from src/main/AndroidManifest.xml:243:8325-49
MERGED from [ch.acra:acra:4.9.2] AndroidManifest.xml:40:9-241
	android:process
		ADDED from [ch.acra:acra:4.9.2] AndroidManifest.xml:40:172-195
	android:excludeFromRecents
		ADDED from src/main/AndroidManifest.xml:243:8390-8423
	android:launchMode
		ADDED from src/main/AndroidManifest.xml:243:8464-8499
	android:finishOnTaskLaunch
		ADDED from src/main/AndroidManifest.xml:243:8427-8460
	android:theme
		ADDED from src/main/AndroidManifest.xml:243:8503-8546
	android:name
		ADDED from src/main/AndroidManifest.xml:243:8338-8386
uses-sdk
INJECTED from src/main/AndroidManifest.xml reason: use-sdk injection requested
MERGED from [Manager.Max:gestureimageview:unspecified] AndroidManifest.xml:7:5-9:41
MERGED from [com.android.support:design:25.3.1] AndroidManifest.xml:21:5-23:62
MERGED from [com.android.support:appcompat-v7:25.3.1] AndroidManifest.xml:21:5-23:78
MERGED from [com.android.support:animated-vector-drawable:25.3.1] AndroidManifest.xml:20:5-44
MERGED from [com.android.support:support-vector-drawable:25.3.1] AndroidManifest.xml:20:5-43
MERGED from [com.android.support:recyclerview-v7:25.3.1] AndroidManifest.xml:20:5-43
MERGED from [com.android.support:transition:25.3.1] AndroidManifest.xml:20:5-44
MERGED from [it.sephiroth.android.library.horizontallistview:hlistview:1.3.1] AndroidManifest.xml:7:5-9:41
MERGED from [com.squareup:android-times-square:1.7.3] AndroidManifest.xml:7:5-43
MERGED from [ch.acra:acra:4.9.2] AndroidManifest.xml:37:5-42
MERGED from [com.android.support:support-v4:25.3.1] AndroidManifest.xml:21:5-23:54
MERGED from [com.android.support:support-fragment:25.3.1] AndroidManifest.xml:21:5-23:60
MERGED from [com.android.support:support-media-compat:25.3.1] AndroidManifest.xml:21:5-23:63
MERGED from [com.android.support:support-core-ui:25.3.1] AndroidManifest.xml:21:5-23:58
MERGED from [com.android.support:support-core-utils:25.3.1] AndroidManifest.xml:21:5-23:61
MERGED from [com.android.support:support-compat:25.3.1] AndroidManifest.xml:21:5-23:58
	tools:overrideLibrary
		ADDED from [com.android.support:design:25.3.1] AndroidManifest.xml:23:9-59
	android:targetSdkVersion
		INJECTED from src/main/AndroidManifest.xml
		INJECTED from src/main/AndroidManifest.xml
	android:minSdkVersion
		INJECTED from src/main/AndroidManifest.xml
		INJECTED from src/main/AndroidManifest.xml
meta-data#android.support.VERSION
ADDED from [com.android.support:design:25.3.1] AndroidManifest.xml:25:5-27:34
MERGED from [com.android.support:appcompat-v7:25.3.1] AndroidManifest.xml:25:5-27:34
MERGED from [com.android.support:animated-vector-drawable:25.3.1] AndroidManifest.xml:22:5-24:34
MERGED from [com.android.support:support-vector-drawable:25.3.1] AndroidManifest.xml:22:5-24:34
MERGED from [com.android.support:recyclerview-v7:25.3.1] AndroidManifest.xml:22:5-24:34
MERGED from [com.android.support:transition:25.3.1] AndroidManifest.xml:22:5-24:34
MERGED from [com.android.support:support-v4:25.3.1] AndroidManifest.xml:25:5-27:34
MERGED from [com.android.support:support-fragment:25.3.1] AndroidManifest.xml:25:5-27:34
MERGED from [com.android.support:support-media-compat:25.3.1] AndroidManifest.xml:25:5-27:34
MERGED from [com.android.support:support-core-ui:25.3.1] AndroidManifest.xml:25:5-27:34
MERGED from [com.android.support:support-core-utils:25.3.1] AndroidManifest.xml:25:5-27:34
MERGED from [com.android.support:support-compat:25.3.1] AndroidManifest.xml:25:5-27:34
	android:value
		ADDED from [com.android.support:design:25.3.1] AndroidManifest.xml:27:9-31
	android:name
		ADDED from [com.android.support:design:25.3.1] AndroidManifest.xml:26:9-47
service#org.acra.sender.SenderService
ADDED from [ch.acra:acra:4.9.2] AndroidManifest.xml:42:9-113
	android:process
		ADDED from [ch.acra:acra:4.9.2] AndroidManifest.xml:42:88-111
	android:exported
		ADDED from [ch.acra:acra:4.9.2] AndroidManifest.xml:42:18-42
	android:name
		ADDED from [ch.acra:acra:4.9.2] AndroidManifest.xml:42:43-87